{"level":"info","message":"Dashboard Page called ","timestamp":"2024-01-07T07:57:35.937Z"}
{"level":"info","message":"Dashboard Page called ","timestamp":"2024-01-07T07:57:35.986Z"}
{"level":"info","message":"Home Page called ","timestamp":"2024-01-07T07:57:36.147Z"}
{"level":"info","message":"Home Page called ","timestamp":"2024-01-07T07:57:36.159Z"}
{"level":"info","message":"Dashboard Page called ","timestamp":"2024-01-07T07:59:32.894Z"}
{"level":"info","message":"Dashboard Page called ","timestamp":"2024-01-07T07:59:33.688Z"}
{"level":"info","message":"Dashboard Page called ","timestamp":"2024-01-07T07:59:39.561Z"}
{"level":"info","message":"Dashboard Page called ","timestamp":"2024-01-07T07:59:40.977Z"}
{"level":"info","message":"Dashboard Page called ","timestamp":"2024-01-07T07:59:41.750Z"}
{"level":"info","message":"Products GET called ","timestamp":"2024-01-07T08:00:03.203Z"}
{"level":"info","message":"Dashboard Page called ","timestamp":"2024-01-07T08:21:35.654Z"}
{"level":"info","message":"Dashboard Page called ","timestamp":"2024-01-07T08:22:10.605Z"}
{"level":"info","message":"Dashboard Page called ","timestamp":"2024-01-07T08:22:10.951Z"}
{"level":"info","message":"Dashboard Page called ","timestamp":"2024-01-07T08:22:11.119Z"}
{"level":"info","message":"Dashboard Page called ","timestamp":"2024-01-07T08:22:11.544Z"}
{"level":"info","message":"Dashboard Page called ","timestamp":"2024-01-07T08:22:53.749Z"}
{"level":"info","message":"Dashboard Page called ","timestamp":"2024-01-07T08:22:54.524Z"}
{"level":"info","message":"Dashboard Page called ","timestamp":"2024-01-07T08:23:03.053Z"}
{"level":"info","message":"Dashboard Page called ","timestamp":"2024-01-07T08:23:03.488Z"}
{"level":"info","message":"Dashboard Page called ","timestamp":"2024-01-07T08:23:03.903Z"}
{"level":"info","message":"Dashboard Page called ","timestamp":"2024-01-07T08:24:06.477Z"}
{"level":"info","message":"fetchLatestInvoices called ","timestamp":"2024-01-07T08:24:07.088Z"}
{"level":"info","message":"Dashboard Page called ","timestamp":"2024-01-07T08:24:08.421Z"}
{"level":"info","message":"fetchLatestInvoices called ","timestamp":"2024-01-07T08:24:09.244Z"}
{"level":"info","message":"Dashboard Page called ","timestamp":"2024-01-07T08:24:20.060Z"}
{"level":"info","message":"fetchLatestInvoices called ","timestamp":"2024-01-07T08:24:20.241Z"}
{"level":"info","message":"Dashboard Page called ","timestamp":"2024-01-07T08:24:20.402Z"}
{"level":"info","message":"Dashboard Page called ","timestamp":"2024-01-07T08:24:20.537Z"}
{"level":"info","message":"fetchLatestInvoices called ","timestamp":"2024-01-07T08:24:20.624Z"}
{"level":"info","message":"fetchLatestInvoices called ","timestamp":"2024-01-07T08:24:20.911Z"}
{"level":"info","message":"Dashboard Page called ","timestamp":"2024-01-07T08:24:21.488Z"}
{"level":"info","message":"fetchLatestInvoices called ","timestamp":"2024-01-07T08:24:21.678Z"}
{"level":"info","message":"Dashboard Page called ","timestamp":"2024-01-07T08:30:39.820Z"}
{"level":"info","message":"fetchLatestInvoices called ","timestamp":"2024-01-07T08:30:40.031Z"}
{"level":"info","message":"Dashboard Page called ","timestamp":"2024-01-07T08:38:04.662Z"}
{"level":"info","message":"fetchLatestInvoices called ","timestamp":"2024-01-07T08:38:05.035Z"}
{"level":"info","message":"Dashboard Page called ","timestamp":"2024-01-07T08:42:21.641Z"}
{"level":"info","message":"fetchLatestInvoices called ","timestamp":"2024-01-07T08:42:22.036Z"}
{"level":"info","message":"Dashboard Page called ","timestamp":"2024-01-07T08:42:34.210Z"}
{"level":"info","message":"fetchLatestInvoices called ","timestamp":"2024-01-07T08:42:34.402Z"}
{"level":"info","message":"Dashboard Page called ","timestamp":"2024-01-07T08:42:54.834Z"}
{"level":"info","message":"fetchLatestInvoices called ","timestamp":"2024-01-07T08:42:55.048Z"}
{"level":"info","message":"Dashboard Page called ","timestamp":"2024-01-07T08:43:09.906Z"}
{"level":"info","message":"fetchLatestInvoices called ","timestamp":"2024-01-07T08:43:10.130Z"}
{"level":"info","message":"Dashboard Page called ","timestamp":"2024-01-07T08:45:39.334Z"}
{"level":"info","message":"fetchLatestInvoices called ","timestamp":"2024-01-07T08:45:40.385Z"}
{"level":"info","message":"Dashboard Page called ","timestamp":"2024-01-07T08:46:52.138Z"}
{"level":"info","message":"fetchLatestInvoices called ","timestamp":"2024-01-07T08:46:52.744Z"}
{"level":"info","message":"Dashboard Page called ","timestamp":"2024-01-07T08:47:34.359Z"}
{"level":"info","message":"fetchLatestInvoices called ","timestamp":"2024-01-07T08:47:34.595Z"}
{"level":"info","message":"Dashboard Page called ","timestamp":"2024-01-07T08:47:40.657Z"}
{"level":"info","message":"fetchLatestInvoices called ","timestamp":"2024-01-07T08:47:41.115Z"}
{"level":"info","message":"Dashboard Page called ","timestamp":"2024-01-07T08:49:22.544Z"}
{"level":"info","message":"fetchLatestInvoices called ","timestamp":"2024-01-07T08:49:23.110Z"}
{"level":"info","message":"Dashboard Page called ","timestamp":"2024-01-07T08:49:26.524Z"}
{"level":"info","message":"fetchLatestInvoices called ","timestamp":"2024-01-07T08:49:26.700Z"}
{"level":"info","message":"Dashboard Page called ","timestamp":"2024-01-07T08:49:32.779Z"}
{"level":"info","message":"fetchLatestInvoices called ","timestamp":"2024-01-07T08:49:32.941Z"}
{"level":"info","message":"Dashboard Page called ","timestamp":"2024-01-07T08:49:34.035Z"}
{"level":"info","message":"fetchLatestInvoices called ","timestamp":"2024-01-07T08:49:34.190Z"}
{"level":"info","message":"Products GET called ","timestamp":"2024-01-07T08:51:29.081Z"}
{"level":"info","message":"Dashboard Page called ","timestamp":"2024-01-07T08:51:29.560Z"}
{"level":"info","message":"Dashboard Page called ","timestamp":"2024-01-07T08:51:29.591Z"}
{"level":"info","message":"fetchLatestInvoices called ","timestamp":"2024-01-07T08:51:30.042Z"}
{"level":"info","message":"fetchLatestInvoices called ","timestamp":"2024-01-07T08:51:30.105Z"}
{"level":"info","message":"Dashboard Page called ","timestamp":"2024-01-07T08:51:30.965Z"}
{"level":"info","message":"fetchLatestInvoices called ","timestamp":"2024-01-07T08:51:31.221Z"}
{"level":"info","message":"Dashboard Page called ","timestamp":"2024-01-07T08:51:37.918Z"}
{"level":"info","message":"fetchLatestInvoices called ","timestamp":"2024-01-07T08:51:38.105Z"}
{"level":"info","message":"Dashboard Page called ","timestamp":"2024-01-07T08:52:35.375Z"}
{"level":"info","message":"Dashboard Page called ","timestamp":"2024-01-07T08:52:35.395Z"}
{"level":"info","message":"Home Page called ","timestamp":"2024-01-07T08:52:35.513Z"}
{"level":"info","message":"Home Page called ","timestamp":"2024-01-07T08:52:35.526Z"}
{"level":"info","message":"Dashboard Page called ","timestamp":"2024-01-07T08:53:23.670Z"}
{"level":"info","message":"fetchLatestInvoices called ","timestamp":"2024-01-07T08:53:23.995Z"}
{"level":"info","message":"Dashboard Page called ","timestamp":"2024-01-07T08:53:24.366Z"}
{"level":"info","message":"fetchLatestInvoices called ","timestamp":"2024-01-07T08:53:24.477Z"}
{"level":"info","message":"Dashboard Page called ","timestamp":"2024-01-07T08:53:28.153Z"}
{"level":"info","message":"fetchLatestInvoices called ","timestamp":"2024-01-07T08:53:28.267Z"}
{"level":"info","message":"Dashboard Page called ","timestamp":"2024-01-07T09:00:53.519Z"}
{"level":"info","message":"fetchLatestInvoices called ","timestamp":"2024-01-07T09:00:54.231Z"}
{"level":"info","message":"Dashboard Page called ","timestamp":"2024-01-07T09:00:54.866Z"}
{"level":"info","message":"fetchLatestInvoices called ","timestamp":"2024-01-07T09:00:55.073Z"}
{"level":"info","message":"Dashboard Page called ","timestamp":"2024-01-07T09:00:59.825Z"}
{"level":"info","message":"Dashboard Page called ","timestamp":"2024-01-07T09:01:00.029Z"}
{"level":"info","message":"fetchLatestInvoices called ","timestamp":"2024-01-07T09:01:00.065Z"}
{"level":"info","message":"Dashboard Page called ","timestamp":"2024-01-07T09:01:00.247Z"}
{"level":"info","message":"fetchLatestInvoices called ","timestamp":"2024-01-07T09:01:00.354Z"}
{"level":"info","message":"fetchLatestInvoices called ","timestamp":"2024-01-07T09:01:00.463Z"}
{"level":"info","message":"Dashboard Page called ","timestamp":"2024-01-07T09:03:36.476Z"}
{"level":"info","message":"fetchLatestInvoices called ","timestamp":"2024-01-07T09:03:37.110Z"}
{"level":"info","message":"Dashboard Page called ","timestamp":"2024-01-07T09:03:38.068Z"}
{"level":"info","message":"fetchLatestInvoices called ","timestamp":"2024-01-07T09:03:38.200Z"}
{"level":"info","message":"Dashboard Page called ","timestamp":"2024-01-07T09:03:50.650Z"}
{"level":"info","message":"fetchLatestInvoices called ","timestamp":"2024-01-07T09:03:50.794Z"}
{"level":"info","message":"Dashboard Page called ","timestamp":"2024-01-07T09:03:50.932Z"}
{"level":"info","message":"fetchLatestInvoices called ","timestamp":"2024-01-07T09:03:51.085Z"}
{"level":"info","message":"Dashboard Page called ","timestamp":"2024-01-07T09:04:03.389Z"}
{"level":"info","message":"fetchLatestInvoices called ","timestamp":"2024-01-07T09:04:03.538Z"}
{"level":"info","message":"Dashboard Page called ","timestamp":"2024-01-07T09:04:30.262Z"}
{"level":"info","message":"fetchLatestInvoices called ","timestamp":"2024-01-07T09:04:31.543Z"}
{"level":"info","message":"Dashboard Page called ","timestamp":"2024-01-07T09:07:08.933Z"}
{"level":"info","message":"fetchLatestInvoices called ","timestamp":"2024-01-07T09:07:09.171Z"}
{"level":"info","message":"Dashboard Page called ","timestamp":"2024-01-07T09:07:13.628Z"}
{"level":"info","message":"fetchLatestInvoices called ","timestamp":"2024-01-07T09:07:13.875Z"}
{"level":"info","message":"Dashboard Page called ","timestamp":"2024-01-07T09:07:14.639Z"}
{"level":"info","message":"fetchLatestInvoices called ","timestamp":"2024-01-07T09:07:14.795Z"}
{"level":"info","message":"Dashboard Page called ","timestamp":"2024-01-07T09:08:00.781Z"}
{"level":"info","message":"fetchLatestInvoices called ","timestamp":"2024-01-07T09:08:00.939Z"}
{"level":"info","message":"Dashboard Page called ","timestamp":"2024-01-07T09:08:07.131Z"}
{"level":"info","message":"fetchLatestInvoices called ","timestamp":"2024-01-07T09:08:07.374Z"}
{"level":"info","message":"Dashboard Page called ","timestamp":"2024-01-07T09:08:08.210Z"}
{"level":"info","message":"fetchLatestInvoices called ","timestamp":"2024-01-07T09:08:08.376Z"}
{"level":"info","message":"Dashboard Page called ","timestamp":"2024-01-07T09:08:14.177Z"}
{"level":"info","message":"fetchLatestInvoices called ","timestamp":"2024-01-07T09:08:14.505Z"}
{"level":"info","message":"Dashboard Page called ","timestamp":"2024-01-07T09:08:15.604Z"}
{"level":"info","message":"Dashboard Page called ","timestamp":"2024-01-07T09:08:15.867Z"}
{"level":"info","message":"fetchLatestInvoices called ","timestamp":"2024-01-07T09:08:15.988Z"}
{"level":"info","message":"Dashboard Page called ","timestamp":"2024-01-07T09:08:16.119Z"}
{"level":"info","message":"fetchLatestInvoices called ","timestamp":"2024-01-07T09:08:16.294Z"}
{"level":"info","message":"fetchLatestInvoices called ","timestamp":"2024-01-07T09:08:16.427Z"}
{"level":"info","message":"Dashboard Page called ","timestamp":"2024-01-07T09:11:47.461Z"}
{"level":"info","message":"Dashboard Page called ","timestamp":"2024-01-07T09:11:49.113Z"}
{"level":"info","message":"Dashboard Page called ","timestamp":"2024-01-07T09:12:14.554Z"}
{"level":"info","message":"fetchLatestInvoices called ","timestamp":"2024-01-07T09:12:16.066Z"}
{"level":"info","message":"Dashboard Page called ","timestamp":"2024-01-07T09:12:18.383Z"}
{"level":"info","message":"fetchLatestInvoices called ","timestamp":"2024-01-07T09:12:18.622Z"}
{"level":"info","message":"Dashboard Page called ","timestamp":"2024-01-07T09:14:42.976Z"}
{"level":"info","message":"fetchLatestInvoices called ","timestamp":"2024-01-07T09:14:43.188Z"}
{"level":"info","message":"Dashboard Page called ","timestamp":"2024-01-07T09:49:37.611Z"}
{"level":"info","message":"fetchLatestInvoices called ","timestamp":"2024-01-07T09:49:37.840Z"}
{"level":"info","message":"Dashboard Page called ","timestamp":"2024-01-07T09:49:38.780Z"}
{"level":"info","message":"fetchLatestInvoices called ","timestamp":"2024-01-07T09:49:38.951Z"}
{"level":"info","message":"Dashboard Page called ","timestamp":"2024-01-07T09:49:52.339Z"}
{"level":"info","message":"fetchLatestInvoices called ","timestamp":"2024-01-07T09:49:52.569Z"}
{"level":"info","message":"Dashboard Page called ","timestamp":"2024-01-07T09:49:52.664Z"}
{"level":"info","message":"fetchLatestInvoices called ","timestamp":"2024-01-07T09:49:52.807Z"}
{"level":"info","message":"Dashboard Page called ","timestamp":"2024-01-07T09:49:52.828Z"}
{"level":"info","message":"fetchLatestInvoices called ","timestamp":"2024-01-07T09:49:52.992Z"}
{"level":"info","message":"Dashboard Page called ","timestamp":"2024-01-07T09:49:53.667Z"}
{"level":"info","message":"Dashboard Page called ","timestamp":"2024-01-07T09:49:53.852Z"}
{"level":"info","message":"fetchLatestInvoices called ","timestamp":"2024-01-07T09:49:53.984Z"}
{"level":"info","message":"fetchLatestInvoices called ","timestamp":"2024-01-07T09:49:54.193Z"}
{"level":"info","message":"Dashboard Page called ","timestamp":"2024-01-07T09:49:55.744Z"}
{"level":"info","message":"fetchLatestInvoices called ","timestamp":"2024-01-07T09:49:55.985Z"}
{"level":"info","message":"Dashboard Page called ","timestamp":"2024-01-07T09:49:56.748Z"}
{"level":"info","message":"fetchLatestInvoices called ","timestamp":"2024-01-07T09:49:56.912Z"}
{"level":"info","message":"Products GET called ","timestamp":"2024-01-07T09:49:59.974Z"}
{"level":"info","message":"Dashboard Page called ","timestamp":"2024-01-07T09:50:01.141Z"}
{"level":"info","message":"fetchLatestInvoices called ","timestamp":"2024-01-07T09:50:02.076Z"}
{"level":"info","message":"Dashboard Page called ","timestamp":"2024-01-07T17:33:52.340Z"}
{"level":"info","message":"fetchLatestInvoices called ","timestamp":"2024-01-07T17:33:54.134Z"}
{"level":"info","message":"Dashboard Page called ","timestamp":"2024-01-07T17:33:54.478Z"}
{"level":"info","message":"fetchLatestInvoices called ","timestamp":"2024-01-07T17:33:54.640Z"}
{"level":"info","message":"Dashboard Page called ","timestamp":"2024-01-07T17:33:58.817Z"}
{"level":"info","message":"fetchLatestInvoices called ","timestamp":"2024-01-07T17:33:59.009Z"}
{"level":"info","message":"Dashboard Page called ","timestamp":"2024-01-07T17:33:59.746Z"}
{"level":"info","message":"fetchLatestInvoices called ","timestamp":"2024-01-07T17:33:59.923Z"}
{"level":"info","message":"Products GET called ","timestamp":"2024-01-07T17:34:06.031Z"}
{"level":"info","message":"Dashboard Page called ","timestamp":"2024-01-07T17:34:10.261Z"}
{"level":"info","message":"fetchLatestInvoices called ","timestamp":"2024-01-07T17:34:10.821Z"}
{"level":"info","message":"Dashboard Page called ","timestamp":"2024-01-07T17:34:31.618Z"}
{"level":"info","message":"fetchLatestInvoices called ","timestamp":"2024-01-07T17:34:32.169Z"}
{"level":"info","message":"Dashboard Page called ","timestamp":"2024-01-08T09:21:14.119Z"}
{"level":"info","message":"fetchLatestInvoices called ","timestamp":"2024-01-08T09:21:16.225Z"}
{"level":"info","message":"Dashboard Page called ","timestamp":"2024-01-08T09:21:16.691Z"}
{"level":"info","message":"fetchLatestInvoices called ","timestamp":"2024-01-08T09:21:16.911Z"}
{"level":"info","message":"Dashboard Page called ","timestamp":"2024-01-08T09:21:24.849Z"}
{"level":"info","message":"fetchLatestInvoices called ","timestamp":"2024-01-08T09:21:25.087Z"}
{"level":"info","message":"Dashboard Page called ","timestamp":"2024-01-08T09:21:54.016Z"}
{"level":"info","message":"fetchLatestInvoices called ","timestamp":"2024-01-08T09:21:54.176Z"}
{"level":"info","message":"Dashboard Page called ","timestamp":"2024-01-08T09:22:00.327Z"}
{"level":"info","message":"fetchLatestInvoices called ","timestamp":"2024-01-08T09:22:00.490Z"}
{"level":"info","message":"Dashboard Page called ","timestamp":"2024-01-08T15:21:01.897Z"}
{"level":"info","message":"fetchLatestInvoices called ","timestamp":"2024-01-08T15:21:03.244Z"}
{"level":"info","message":"Dashboard Page called ","timestamp":"2024-01-08T15:22:48.559Z"}
{"level":"info","message":"fetchLatestInvoices called ","timestamp":"2024-01-08T15:22:49.514Z"}
{"level":"info","message":"Dashboard Page called ","timestamp":"2024-01-08T15:22:50.945Z"}
{"level":"info","message":"fetchLatestInvoices called ","timestamp":"2024-01-08T15:22:51.178Z"}
{"level":"info","message":"Dashboard Page called ","timestamp":"2024-01-08T15:22:58.875Z"}
{"level":"info","message":"fetchLatestInvoices called ","timestamp":"2024-01-08T15:22:59.072Z"}
{"level":"info","message":"Home Page called ","timestamp":"2024-01-08T15:25:44.268Z"}
{"level":"info","message":"Dashboard Page called ","timestamp":"2024-01-08T15:55:38.742Z"}
{"level":"info","message":"fetchLatestInvoices called ","timestamp":"2024-01-08T15:55:39.179Z"}
{"level":"info","message":"Dashboard Page called ","timestamp":"2024-01-08T15:55:50.365Z"}
{"level":"info","message":"fetchLatestInvoices called ","timestamp":"2024-01-08T15:55:50.509Z"}
{"level":"info","message":"Home Page called ","timestamp":"2024-01-08T15:56:03.527Z"}
{"level":"info","message":"Home Page called ","timestamp":"2024-01-08T16:23:11.542Z"}
{"level":"info","message":"Dashboard Page called ","timestamp":"2024-01-08T16:23:24.567Z"}
{"level":"info","message":"fetchLatestInvoices called ","timestamp":"2024-01-08T16:23:24.835Z"}
{"level":"info","message":"Dashboard Page called ","timestamp":"2024-01-08T18:19:17.080Z"}
{"level":"info","message":"fetchLatestInvoices called ","timestamp":"2024-01-08T18:19:18.951Z"}
{"level":"info","message":"Dashboard Page called ","timestamp":"2024-01-08T18:19:19.473Z"}
{"level":"info","message":"fetchLatestInvoices called ","timestamp":"2024-01-08T18:19:19.703Z"}
{"level":"info","message":"Dashboard Page called ","timestamp":"2024-01-08T18:25:34.117Z"}
{"level":"info","message":"fetchLatestInvoices called ","timestamp":"2024-01-08T18:25:34.531Z"}
{"level":"info","message":"Dashboard Page called ","timestamp":"2024-01-08T18:25:35.486Z"}
{"level":"info","message":"fetchLatestInvoices called ","timestamp":"2024-01-08T18:25:35.748Z"}
{"level":"info","message":"Dashboard Page called ","timestamp":"2024-01-08T18:34:00.068Z"}
{"level":"info","message":"Dashboard Page called ","timestamp":"2024-01-08T18:34:00.246Z"}
{"level":"info","message":"fetchLatestInvoices called ","timestamp":"2024-01-08T18:34:00.266Z"}
{"level":"info","message":"fetchLatestInvoices called ","timestamp":"2024-01-08T18:34:00.429Z"}
{"level":"info","message":"Dashboard Page called ","timestamp":"2024-01-08T18:34:24.795Z"}
{"level":"info","message":"fetchLatestInvoices called ","timestamp":"2024-01-08T18:34:24.986Z"}
{"level":"info","message":"Dashboard Page called ","timestamp":"2024-01-08T18:36:13.671Z"}
{"level":"info","message":"fetchLatestInvoices called ","timestamp":"2024-01-08T18:36:13.920Z"}
{"level":"info","message":"Dashboard Page called ","timestamp":"2024-01-08T18:36:18.012Z"}
{"level":"info","message":"fetchLatestInvoices called ","timestamp":"2024-01-08T18:36:18.221Z"}
{"level":"info","message":"Dashboard Page called ","timestamp":"2024-01-08T18:36:35.728Z"}
{"level":"info","message":"fetchLatestInvoices called ","timestamp":"2024-01-08T18:36:35.929Z"}
{"level":"info","message":"Home Page called ","timestamp":"2024-01-08T19:00:11.535Z"}
{"level":"info","message":"Home Page called ","timestamp":"2024-01-08T19:02:06.332Z"}
{"level":"info","message":"Home Page called ","timestamp":"2024-01-08T19:02:45.030Z"}
{"level":"info","message":"Home Page called ","timestamp":"2024-01-08T19:11:48.887Z"}
{"level":"info","message":"Dashboard Page called ","timestamp":"2024-01-09T16:57:07.054Z"}
{"level":"info","message":"fetchLatestInvoices called ","timestamp":"2024-01-09T16:57:08.833Z"}
{"level":"info","message":"Dashboard Page called ","timestamp":"2024-01-09T16:57:29.038Z"}
{"level":"info","message":"fetchLatestInvoices called ","timestamp":"2024-01-09T16:57:29.320Z"}
{"level":"info","message":"Dashboard Page called ","timestamp":"2024-01-09T17:06:32.930Z"}
{"level":"info","message":"fetchLatestInvoices called ","timestamp":"2024-01-09T17:06:55.838Z"}
{"level":"info","message":"Dashboard Page called ","timestamp":"2024-01-09T17:08:12.168Z"}
{"level":"info","message":"fetchLatestInvoices called ","timestamp":"2024-01-09T17:08:20.362Z"}
{"level":"info","message":"Dashboard Page called ","timestamp":"2024-01-09T17:12:28.618Z"}
{"level":"info","message":"fetchLatestInvoices called ","timestamp":"2024-01-09T17:12:36.312Z"}
{"level":"info","message":"Dashboard Page called ","timestamp":"2024-01-09T17:15:27.946Z"}
{"level":"info","message":"fetchLatestInvoices called ","timestamp":"2024-01-09T17:15:32.389Z"}
{"level":"info","message":"Dashboard Page called ","timestamp":"2024-01-09T17:18:49.308Z"}
{"level":"info","message":"Dashboard Page called ","timestamp":"2024-01-09T17:18:49.319Z"}
{"level":"info","message":"Home Page called ","timestamp":"2024-01-09T17:18:49.423Z"}
{"level":"info","message":"Home Page called ","timestamp":"2024-01-09T17:18:49.432Z"}
{"level":"info","message":"Dashboard Page called ","timestamp":"2024-01-09T17:21:18.602Z"}
{"level":"info","message":"fetchLatestInvoices called ","timestamp":"2024-01-09T17:21:24.034Z"}
{"level":"info","message":"Dashboard Page called ","timestamp":"2024-01-09T17:22:42.716Z"}
{"level":"info","message":"fetchLatestInvoices called ","timestamp":"2024-01-09T17:22:46.018Z"}
{"level":"info","message":"Dashboard Page called ","timestamp":"2024-01-09T17:26:38.863Z"}
{"level":"info","message":"fetchLatestInvoices called ","timestamp":"2024-01-09T17:26:50.092Z"}
{"level":"info","message":"Dashboard Page called ","timestamp":"2024-01-09T17:28:20.071Z"}
{"level":"info","message":"fetchLatestInvoices called ","timestamp":"2024-01-09T17:28:23.705Z"}
{"level":"info","message":"Dashboard Page called ","timestamp":"2024-01-09T17:32:44.656Z"}
{"level":"info","message":"Dashboard Page called ","timestamp":"2024-01-09T17:32:44.683Z"}
{"level":"info","message":"Home Page called ","timestamp":"2024-01-09T17:32:45.243Z"}
{"level":"info","message":"Home Page called ","timestamp":"2024-01-09T17:32:45.263Z"}
{"level":"info","message":"Dashboard Page called ","timestamp":"2024-01-09T17:38:49.850Z"}
{"level":"info","message":"fetchLatestInvoices called ","timestamp":"2024-01-09T17:38:50.926Z"}
{"level":"info","message":"Dashboard Page called ","timestamp":"2024-01-09T17:38:54.134Z"}
{"level":"info","message":"fetchLatestInvoices called ","timestamp":"2024-01-09T17:38:54.429Z"}
{"level":"info","message":"Dashboard Page called ","timestamp":"2024-01-09T17:39:16.180Z"}
{"level":"info","message":"fetchLatestInvoices called ","timestamp":"2024-01-09T17:39:16.753Z"}
{"level":"info","message":"Dashboard Page called ","timestamp":"2024-01-09T17:39:25.240Z"}
{"level":"info","message":"Dashboard Page called ","timestamp":"2024-01-09T17:39:25.435Z"}
{"level":"info","message":"fetchLatestInvoices called ","timestamp":"2024-01-09T17:39:25.457Z"}
{"level":"info","message":"fetchLatestInvoices called ","timestamp":"2024-01-09T17:39:25.684Z"}
{"level":"info","message":"Dashboard Page called ","timestamp":"2024-01-09T17:40:36.416Z"}
{"level":"info","message":"fetchLatestInvoices called ","timestamp":"2024-01-09T17:40:37.009Z"}
{"level":"info","message":"Dashboard Page called ","timestamp":"2024-01-09T17:40:37.415Z"}
{"level":"info","message":"fetchLatestInvoices called ","timestamp":"2024-01-09T17:40:37.699Z"}
{"level":"info","message":"Dashboard Page called ","timestamp":"2024-01-09T17:40:39.191Z"}
{"level":"info","message":"fetchLatestInvoices called ","timestamp":"2024-01-09T17:40:39.384Z"}
{"level":"info","message":"Dashboard Page called ","timestamp":"2024-01-09T17:40:39.501Z"}
{"level":"info","message":"fetchLatestInvoices called ","timestamp":"2024-01-09T17:40:39.721Z"}
{"level":"info","message":"Dashboard Page called ","timestamp":"2024-01-09T17:40:54.613Z"}
{"level":"info","message":"fetchLatestInvoices called ","timestamp":"2024-01-09T17:40:54.971Z"}
{"level":"info","message":"Dashboard Page called ","timestamp":"2024-01-09T17:42:59.750Z"}
{"level":"info","message":"Dashboard Page called ","timestamp":"2024-01-09T17:42:59.947Z"}
{"level":"info","message":"fetchLatestInvoices called ","timestamp":"2024-01-09T17:43:00.007Z"}
{"level":"info","message":"fetchLatestInvoices called ","timestamp":"2024-01-09T17:43:00.190Z"}
{"level":"info","message":"Dashboard Page called ","timestamp":"2024-01-09T17:44:05.396Z"}
{"level":"info","message":"fetchLatestInvoices called ","timestamp":"2024-01-09T17:44:05.872Z"}
{"level":"info","message":"Dashboard Page called ","timestamp":"2024-01-09T17:44:19.598Z"}
{"level":"info","message":"fetchLatestInvoices called ","timestamp":"2024-01-09T17:44:19.862Z"}
{"level":"info","message":"Dashboard Page called ","timestamp":"2024-01-09T17:47:11.865Z"}
{"level":"info","message":"Dashboard Page called ","timestamp":"2024-01-09T17:47:11.883Z"}
{"level":"info","message":"Home Page called ","timestamp":"2024-01-09T17:47:11.973Z"}
{"level":"info","message":"Home Page called ","timestamp":"2024-01-09T17:47:11.978Z"}
{"level":"info","message":"Home Page called ","timestamp":"2024-01-09T17:48:05.619Z"}
{"level":"info","message":"Dashboard Page called ","timestamp":"2024-01-09T17:48:43.653Z"}
{"level":"info","message":"fetchLatestInvoices called ","timestamp":"2024-01-09T17:48:44.090Z"}
{"level":"info","message":"Dashboard Page called ","timestamp":"2024-01-09T19:25:07.120Z"}
{"level":"info","message":"fetchLatestInvoices called ","timestamp":"2024-01-09T19:25:09.409Z"}
{"level":"info","message":"Dashboard Page called ","timestamp":"2024-01-09T19:25:31.091Z"}
{"level":"info","message":"fetchLatestInvoices called ","timestamp":"2024-01-09T19:25:31.374Z"}
{"level":"info","message":"Dashboard Page called ","timestamp":"2024-01-09T19:30:35.684Z"}
{"level":"info","message":"fetchLatestInvoices called ","timestamp":"2024-01-09T19:30:35.906Z"}
{"level":"info","message":"Dashboard Page called ","timestamp":"2024-01-09T19:30:49.387Z"}
{"level":"info","message":"fetchLatestInvoices called ","timestamp":"2024-01-09T19:30:49.723Z"}
{"level":"info","message":"Dashboard Page called ","timestamp":"2024-01-09T19:30:58.879Z"}
{"level":"info","message":"fetchLatestInvoices called ","timestamp":"2024-01-09T19:30:59.254Z"}
{"level":"info","message":"Dashboard Page called ","timestamp":"2024-01-09T19:43:51.978Z"}
{"level":"info","message":"fetchLatestInvoices called ","timestamp":"2024-01-09T19:43:52.219Z"}
{"level":"info","message":"Dashboard Page called ","timestamp":"2024-01-09T19:49:03.194Z"}
{"level":"info","message":"fetchLatestInvoices called ","timestamp":"2024-01-09T19:49:03.456Z"}
{"level":"info","message":"Dashboard Page called ","timestamp":"2024-01-09T19:49:04.367Z"}
{"level":"info","message":"fetchLatestInvoices called ","timestamp":"2024-01-09T19:49:04.527Z"}
{"level":"info","message":"Dashboard Page called ","timestamp":"2024-01-10T18:19:50.245Z"}
{"level":"info","message":"fetchLatestInvoices called ","timestamp":"2024-01-10T18:19:51.776Z"}
{"level":"info","message":"Dashboard Page called ","timestamp":"2024-01-10T18:19:59.144Z"}
{"level":"info","message":"fetchLatestInvoices called ","timestamp":"2024-01-10T18:19:59.370Z"}
{"level":"info","message":"Dashboard Page called ","timestamp":"2024-01-10T18:19:59.477Z"}
{"level":"info","message":"fetchLatestInvoices called ","timestamp":"2024-01-10T18:19:59.868Z"}
{"level":"info","message":"Dashboard Page called ","timestamp":"2024-01-10T18:20:00.666Z"}
{"level":"info","message":"fetchLatestInvoices called ","timestamp":"2024-01-10T18:20:00.839Z"}
{"level":"info","message":"Dashboard Page called ","timestamp":"2024-01-10T18:23:27.150Z"}
{"level":"info","message":"fetchLatestInvoices called ","timestamp":"2024-01-10T18:23:27.444Z"}
{"level":"info","message":"Dashboard Page called ","timestamp":"2024-01-10T18:33:53.962Z"}
{"level":"info","message":"fetchLatestInvoices called ","timestamp":"2024-01-10T18:33:54.282Z"}
{"level":"info","message":"Dashboard Page called ","timestamp":"2024-01-10T18:37:42.756Z"}
{"level":"info","message":"fetchLatestInvoices called ","timestamp":"2024-01-10T18:37:43.159Z"}
{"level":"info","message":"Dashboard Page called ","timestamp":"2024-01-10T18:38:25.832Z"}
{"level":"info","message":"fetchLatestInvoices called ","timestamp":"2024-01-10T18:38:25.998Z"}
{"level":"info","message":"Dashboard Page called ","timestamp":"2024-01-10T18:39:04.341Z"}
{"level":"info","message":"fetchLatestInvoices called ","timestamp":"2024-01-10T18:39:04.765Z"}
{"level":"info","message":"Dashboard Page called ","timestamp":"2024-01-10T18:39:08.152Z"}
{"level":"info","message":"fetchLatestInvoices called ","timestamp":"2024-01-10T18:39:08.878Z"}
{"level":"info","message":"Dashboard Page called ","timestamp":"2024-01-10T18:39:08.976Z"}
{"level":"info","message":"fetchLatestInvoices called ","timestamp":"2024-01-10T18:39:09.372Z"}
{"level":"info","message":"Dashboard Page called ","timestamp":"2024-01-10T18:39:56.096Z"}
{"level":"info","message":"fetchLatestInvoices called ","timestamp":"2024-01-10T18:39:56.459Z"}
{"level":"info","message":"Dashboard Page called ","timestamp":"2024-01-10T18:39:57.532Z"}
{"level":"info","message":"fetchLatestInvoices called ","timestamp":"2024-01-10T18:39:57.748Z"}
{"level":"info","message":"Dashboard Page called ","timestamp":"2024-01-10T18:40:10.422Z"}
{"level":"info","message":"fetchLatestInvoices called ","timestamp":"2024-01-10T18:40:10.714Z"}
{"level":"info","message":"Dashboard Page called ","timestamp":"2024-01-10T18:43:05.640Z"}
{"level":"info","message":"fetchLatestInvoices called ","timestamp":"2024-01-10T18:43:05.854Z"}
{"level":"info","message":"Dashboard Page called ","timestamp":"2024-01-10T18:43:06.201Z"}
{"level":"info","message":"fetchLatestInvoices called ","timestamp":"2024-01-10T18:43:06.591Z"}
{"level":"info","message":"Dashboard Page called ","timestamp":"2024-01-10T18:43:10.173Z"}
{"level":"info","message":"fetchLatestInvoices called ","timestamp":"2024-01-10T18:43:10.718Z"}
{"level":"info","message":"Products GET called ","timestamp":"2024-01-10T18:45:38.566Z"}
{"level":"info","message":"Home Page called ","timestamp":"2024-01-10T18:46:02.242Z"}
{"level":"info","message":"Dashboard Page called ","timestamp":"2024-01-10T18:46:31.490Z"}
{"level":"info","message":"fetchLatestInvoices called ","timestamp":"2024-01-10T18:46:31.774Z"}
{"level":"info","message":"Dashboard Page called ","timestamp":"2024-01-10T18:47:01.832Z"}
{"level":"info","message":"fetchLatestInvoices called ","timestamp":"2024-01-10T18:47:02.236Z"}
{"level":"info","message":"Dashboard Page called ","timestamp":"2024-01-10T19:06:03.566Z"}
{"level":"info","message":"fetchLatestInvoices called ","timestamp":"2024-01-10T19:06:03.789Z"}
{"level":"info","message":"Dashboard Page called ","timestamp":"2024-01-10T19:06:03.847Z"}
{"level":"info","message":"fetchLatestInvoices called ","timestamp":"2024-01-10T19:06:04.034Z"}
{"level":"info","message":"Dashboard Page called ","timestamp":"2024-01-10T19:07:28.393Z"}
{"level":"info","message":"fetchLatestInvoices called ","timestamp":"2024-01-10T19:07:29.207Z"}
{"level":"info","message":"Dashboard Page called ","timestamp":"2024-01-10T19:08:17.405Z"}
{"level":"info","message":"fetchLatestInvoices called ","timestamp":"2024-01-10T19:08:17.703Z"}
{"level":"info","message":"Dashboard Page called ","timestamp":"2024-01-10T19:08:21.341Z"}
{"level":"info","message":"fetchLatestInvoices called ","timestamp":"2024-01-10T19:08:21.599Z"}
{"level":"info","message":"Home Page called ","timestamp":"2024-01-10T19:08:29.380Z"}
{"level":"info","message":"Home Page called ","timestamp":"2024-01-11T15:41:12.913Z"}
{"level":"info","message":"Dashboard Page called ","timestamp":"2024-01-11T15:41:34.339Z"}
{"level":"info","message":"fetchLatestInvoices called ","timestamp":"2024-01-11T15:41:35.417Z"}
{"level":"info","message":"Dashboard Page called ","timestamp":"2024-01-11T15:45:48.102Z"}
{"level":"info","message":"fetchLatestInvoices called ","timestamp":"2024-01-11T15:45:48.430Z"}
{"level":"info","message":"Dashboard Page called ","timestamp":"2024-01-11T15:45:49.435Z"}
{"level":"info","message":"fetchLatestInvoices called ","timestamp":"2024-01-11T15:45:49.680Z"}
{"level":"info","message":"Dashboard Page called ","timestamp":"2024-01-11T16:05:55.196Z"}
{"level":"info","message":"fetchLatestInvoices called ","timestamp":"2024-01-11T16:05:55.459Z"}
{"level":"info","message":"Dashboard Page called ","timestamp":"2024-01-11T16:08:42.272Z"}
{"level":"info","message":"fetchLatestInvoices called ","timestamp":"2024-01-11T16:08:42.676Z"}
{"level":"info","message":"Dashboard Page called ","timestamp":"2024-01-11T16:08:42.679Z"}
{"level":"info","message":"fetchLatestInvoices called ","timestamp":"2024-01-11T16:08:43.205Z"}
{"level":"info","message":"Dashboard Page called ","timestamp":"2024-01-11T16:08:45.407Z"}
{"level":"info","message":"fetchLatestInvoices called ","timestamp":"2024-01-11T16:08:45.673Z"}
{"level":"info","message":"Dashboard Page called ","timestamp":"2024-01-11T16:13:00.113Z"}
{"level":"info","message":"fetchLatestInvoices called ","timestamp":"2024-01-11T16:13:01.374Z"}
{"level":"info","message":"Dashboard Page called ","timestamp":"2024-01-11T16:13:07.786Z"}
{"level":"info","message":"fetchLatestInvoices called ","timestamp":"2024-01-11T16:13:08.116Z"}
{"level":"info","message":"Dashboard Page called ","timestamp":"2024-01-11T16:13:28.209Z"}
{"level":"info","message":"fetchLatestInvoices called ","timestamp":"2024-01-11T16:13:28.468Z"}
{"level":"info","message":"Dashboard Page called ","timestamp":"2024-01-11T16:14:42.902Z"}
{"level":"info","message":"fetchLatestInvoices called ","timestamp":"2024-01-11T16:14:43.387Z"}
{"level":"info","message":"Dashboard Page called ","timestamp":"2024-01-11T16:30:25.372Z"}
{"level":"info","message":"fetchLatestInvoices called ","timestamp":"2024-01-11T16:30:25.568Z"}
{"level":"info","message":"Dashboard Page called ","timestamp":"2024-01-11T16:31:39.955Z"}
{"level":"info","message":"fetchLatestInvoices called ","timestamp":"2024-01-11T16:31:40.333Z"}
{"level":"info","message":"Dashboard Page called ","timestamp":"2024-01-11T16:41:43.954Z"}
{"level":"info","message":"fetchLatestInvoices called ","timestamp":"2024-01-11T16:41:44.158Z"}
{"level":"info","message":"Dashboard Page called ","timestamp":"2024-01-11T16:46:50.360Z"}
{"level":"info","message":"fetchLatestInvoices called ","timestamp":"2024-01-11T16:46:50.662Z"}
{"level":"info","message":"Dashboard Page called ","timestamp":"2024-01-11T16:47:07.229Z"}
{"level":"info","message":"fetchLatestInvoices called ","timestamp":"2024-01-11T16:47:07.503Z"}
{"level":"info","message":"Home Page called ","timestamp":"2024-01-11T16:57:20.980Z"}
{"level":"info","message":"Home Page called ","timestamp":"2024-01-11T16:57:21.229Z"}
{"level":"info","message":"Home Page called ","timestamp":"2024-01-11T16:57:21.273Z"}
{"level":"info","message":"Home Page called ","timestamp":"2024-01-11T16:58:50.623Z"}
{"level":"info","message":"Home Page called ","timestamp":"2024-01-11T17:00:56.565Z"}
{"level":"info","message":"Dashboard Page called ","timestamp":"2024-01-11T17:01:45.802Z"}
{"level":"info","message":"fetchLatestInvoices called ","timestamp":"2024-01-11T17:01:46.260Z"}
{"level":"info","message":"Home Page called ","timestamp":"2024-01-11T17:08:38.379Z"}
{"level":"info","message":"Home Page called ","timestamp":"2024-01-11T17:20:00.882Z"}
{"level":"info","message":"Home Page called ","timestamp":"2024-01-11T17:27:04.860Z"}
{"level":"info","message":"Home Page called ","timestamp":"2024-01-11T17:37:18.975Z"}
{"level":"info","message":"Home Page called ","timestamp":"2024-01-11T17:38:13.777Z"}
{"level":"info","message":"Home Page called ","timestamp":"2024-01-11T17:39:07.820Z"}
{"level":"info","message":"Home Page called ","timestamp":"2024-01-12T15:42:40.294Z"}
{"level":"info","message":"Dashboard Page called ","timestamp":"2024-01-12T15:48:19.924Z"}
{"level":"info","message":"fetchLatestInvoices called ","timestamp":"2024-01-12T15:48:21.603Z"}
{"level":"info","message":"Dashboard Page called ","timestamp":"2024-01-12T15:48:24.381Z"}
{"level":"info","message":"fetchLatestInvoices called ","timestamp":"2024-01-12T15:48:24.776Z"}
{"level":"info","message":"Dashboard Page called ","timestamp":"2024-01-12T15:48:26.935Z"}
{"level":"info","message":"fetchLatestInvoices called ","timestamp":"2024-01-12T15:48:27.236Z"}
{"level":"info","message":"Dashboard Page called ","timestamp":"2024-01-12T15:53:28.716Z"}
{"level":"info","message":"fetchLatestInvoices called ","timestamp":"2024-01-12T15:53:29.054Z"}
{"level":"info","message":"Dashboard Page called ","timestamp":"2024-01-12T16:16:22.217Z"}
{"level":"info","message":"fetchLatestInvoices called ","timestamp":"2024-01-12T16:16:22.428Z"}
{"level":"info","message":"Dashboard Page called ","timestamp":"2024-01-12T16:17:02.005Z"}
{"level":"info","message":"fetchLatestInvoices called ","timestamp":"2024-01-12T16:17:02.443Z"}
{"level":"info","message":"Dashboard Page called ","timestamp":"2024-01-12T16:17:59.341Z"}
{"level":"info","message":"fetchLatestInvoices called ","timestamp":"2024-01-12T16:17:59.756Z"}
{"level":"info","message":"Dashboard Page called ","timestamp":"2024-01-12T16:18:24.400Z"}
{"level":"info","message":"fetchLatestInvoices called ","timestamp":"2024-01-12T16:18:25.086Z"}
{"level":"info","message":"Dashboard Page called ","timestamp":"2024-01-12T16:19:18.057Z"}
{"level":"info","message":"fetchLatestInvoices called ","timestamp":"2024-01-12T16:19:18.367Z"}
{"level":"info","message":"Dashboard Page called ","timestamp":"2024-01-12T16:20:20.284Z"}
{"level":"info","message":"fetchLatestInvoices called ","timestamp":"2024-01-12T16:20:21.019Z"}
{"level":"info","message":"Dashboard Page called ","timestamp":"2024-01-12T16:21:15.255Z"}
{"level":"info","message":"fetchLatestInvoices called ","timestamp":"2024-01-12T16:21:15.735Z"}
{"level":"info","message":"Dashboard Page called ","timestamp":"2024-01-12T16:22:55.821Z"}
{"level":"info","message":"fetchLatestInvoices called ","timestamp":"2024-01-12T16:22:56.132Z"}
{"level":"info","message":"Dashboard Page called ","timestamp":"2024-01-12T17:09:04.920Z"}
{"level":"info","message":"fetchLatestInvoices called ","timestamp":"2024-01-12T17:09:05.214Z"}
{"level":"info","message":"Home Page called ","timestamp":"2024-01-12T17:10:02.605Z"}
{"level":"info","message":"Home Page called ","timestamp":"2024-01-12T17:11:45.822Z"}
{"level":"info","message":"Home Page called ","timestamp":"2024-01-12T17:13:03.691Z"}
{"level":"info","message":"Dashboard Page called ","timestamp":"2024-01-12T17:14:39.654Z"}
{"level":"info","message":"fetchLatestInvoices called ","timestamp":"2024-01-12T17:14:40.187Z"}
{"level":"info","message":"Dashboard Page called ","timestamp":"2024-01-12T17:14:44.233Z"}
{"level":"info","message":"fetchLatestInvoices called ","timestamp":"2024-01-12T17:14:44.573Z"}
{"level":"info","message":"Dashboard Page called ","timestamp":"2024-01-12T17:14:45.850Z"}
{"level":"info","message":"fetchLatestInvoices called ","timestamp":"2024-01-12T17:14:46.095Z"}
{"level":"info","message":"Dashboard Page called ","timestamp":"2024-01-12T17:19:00.747Z"}
{"level":"info","message":"fetchLatestInvoices called ","timestamp":"2024-01-12T17:19:01.036Z"}
{"level":"info","message":"Dashboard Page called ","timestamp":"2024-01-12T17:19:43.757Z"}
{"level":"info","message":"fetchLatestInvoices called ","timestamp":"2024-01-12T17:19:44.478Z"}
{"level":"info","message":"Dashboard Page called ","timestamp":"2024-01-12T17:19:45.740Z"}
{"level":"info","message":"fetchLatestInvoices called ","timestamp":"2024-01-12T17:19:45.952Z"}
{"level":"info","message":"Dashboard Page called ","timestamp":"2024-01-12T17:20:05.054Z"}
{"level":"info","message":"fetchLatestInvoices called ","timestamp":"2024-01-12T17:20:05.486Z"}
{"level":"info","message":"Dashboard Page called ","timestamp":"2024-01-12T17:25:53.616Z"}
{"level":"info","message":"fetchLatestInvoices called ","timestamp":"2024-01-12T17:25:54.517Z"}
{"level":"info","message":"Home Page called ","timestamp":"2024-01-12T17:27:05.377Z"}
{"level":"info","message":"Dashboard Page called ","timestamp":"2024-01-12T17:29:30.247Z"}
{"level":"info","message":"fetchLatestInvoices called ","timestamp":"2024-01-12T17:29:30.569Z"}
{"level":"info","message":"Dashboard Page called ","timestamp":"2024-01-12T17:31:14.949Z"}
{"level":"info","message":"fetchLatestInvoices called ","timestamp":"2024-01-12T17:31:15.139Z"}
{"level":"info","message":"Dashboard Page called ","timestamp":"2024-01-12T17:31:18.263Z"}
{"level":"info","message":"fetchLatestInvoices called ","timestamp":"2024-01-12T17:31:18.535Z"}
{"level":"info","message":"Home Page called ","timestamp":"2024-01-12T17:31:47.398Z"}
{"level":"info","message":"Dashboard Page called ","timestamp":"2024-01-12T17:35:20.534Z"}
{"level":"info","message":"fetchLatestInvoices called ","timestamp":"2024-01-12T17:35:21.017Z"}
{"level":"info","message":"Dashboard Page called ","timestamp":"2024-01-12T17:36:08.814Z"}
{"level":"info","message":"fetchLatestInvoices called ","timestamp":"2024-01-12T17:36:09.115Z"}
{"level":"info","message":"Dashboard Page called ","timestamp":"2024-01-12T17:37:12.789Z"}
{"level":"info","message":"fetchLatestInvoices called ","timestamp":"2024-01-12T17:37:13.116Z"}
{"level":"info","message":"Dashboard Page called ","timestamp":"2024-01-12T17:37:48.371Z"}
{"level":"info","message":"fetchLatestInvoices called ","timestamp":"2024-01-12T17:37:49.225Z"}
{"level":"info","message":"Dashboard Page called ","timestamp":"2024-01-12T17:37:50.253Z"}
{"level":"info","message":"fetchLatestInvoices called ","timestamp":"2024-01-12T17:37:50.571Z"}
{"level":"info","message":"Dashboard Page called ","timestamp":"2024-01-12T17:42:47.894Z"}
{"level":"info","message":"fetchLatestInvoices called ","timestamp":"2024-01-12T17:42:48.916Z"}
{"level":"info","message":"Dashboard Page called ","timestamp":"2024-01-12T17:42:50.136Z"}
{"level":"info","message":"fetchLatestInvoices called ","timestamp":"2024-01-12T17:42:50.396Z"}
{"level":"info","message":"Dashboard Page called ","timestamp":"2024-01-12T17:42:54.665Z"}
{"level":"info","message":"fetchLatestInvoices called ","timestamp":"2024-01-12T17:42:55.043Z"}
{"level":"info","message":"Dashboard Page called ","timestamp":"2024-01-12T17:42:56.128Z"}
{"level":"info","message":"fetchLatestInvoices called ","timestamp":"2024-01-12T17:42:56.493Z"}
{"level":"info","message":"Dashboard Page called ","timestamp":"2024-01-12T17:43:31.978Z"}
{"level":"info","message":"fetchLatestInvoices called ","timestamp":"2024-01-12T17:43:32.922Z"}
{"level":"info","message":"Dashboard Page called ","timestamp":"2024-01-12T17:43:35.720Z"}
{"level":"info","message":"fetchLatestInvoices called ","timestamp":"2024-01-12T17:43:36.042Z"}
{"level":"info","message":"Dashboard Page called ","timestamp":"2024-01-12T17:44:16.498Z"}
{"level":"info","message":"fetchLatestInvoices called ","timestamp":"2024-01-12T17:44:17.455Z"}
{"level":"info","message":"Dashboard Page called ","timestamp":"2024-01-12T17:44:18.805Z"}
{"level":"info","message":"fetchLatestInvoices called ","timestamp":"2024-01-12T17:44:19.371Z"}
{"level":"info","message":"Dashboard Page called ","timestamp":"2024-01-12T17:44:23.468Z"}
{"level":"info","message":"fetchLatestInvoices called ","timestamp":"2024-01-12T17:44:23.817Z"}
{"level":"info","message":"Dashboard Page called ","timestamp":"2024-01-12T17:44:24.951Z"}
{"level":"info","message":"fetchLatestInvoices called ","timestamp":"2024-01-12T17:44:25.308Z"}
{"level":"info","message":"Dashboard Page called ","timestamp":"2024-01-12T17:44:48.527Z"}
{"level":"info","message":"fetchLatestInvoices called ","timestamp":"2024-01-12T17:44:48.921Z"}
{"level":"info","message":"Dashboard Page called ","timestamp":"2024-01-12T17:44:49.922Z"}
{"level":"info","message":"fetchLatestInvoices called ","timestamp":"2024-01-12T17:44:50.281Z"}
{"level":"info","message":"Dashboard Page called ","timestamp":"2024-01-12T18:06:51.136Z"}
{"level":"info","message":"fetchLatestInvoices called ","timestamp":"2024-01-12T18:06:51.984Z"}
{"level":"info","message":"Dashboard Page called ","timestamp":"2024-01-12T18:06:53.845Z"}
{"level":"info","message":"fetchLatestInvoices called ","timestamp":"2024-01-12T18:06:54.146Z"}
{"level":"info","message":"Dashboard Page called ","timestamp":"2024-01-12T18:11:25.998Z"}
{"level":"info","message":"fetchLatestInvoices called ","timestamp":"2024-01-12T18:11:26.379Z"}
{"level":"info","message":"Dashboard Page called ","timestamp":"2024-01-12T18:13:32.995Z"}
{"level":"info","message":"fetchLatestInvoices called ","timestamp":"2024-01-12T18:13:33.562Z"}
{"level":"info","message":"Dashboard Page called ","timestamp":"2024-01-12T18:14:46.175Z"}
{"level":"info","message":"fetchLatestInvoices called ","timestamp":"2024-01-12T18:14:46.709Z"}
{"level":"info","message":"Dashboard Page called ","timestamp":"2024-01-12T18:19:04.407Z"}
{"level":"info","message":"fetchLatestInvoices called ","timestamp":"2024-01-12T18:19:04.732Z"}
{"level":"info","message":"Dashboard Page called ","timestamp":"2024-01-12T18:24:18.568Z"}
{"level":"info","message":"fetchLatestInvoices called ","timestamp":"2024-01-12T18:24:19.241Z"}
{"level":"info","message":"Dashboard Page called ","timestamp":"2024-01-12T18:26:07.938Z"}
{"level":"info","message":"fetchLatestInvoices called ","timestamp":"2024-01-12T18:26:08.669Z"}
{"level":"info","message":"Dashboard Page called ","timestamp":"2024-01-12T18:26:32.239Z"}
{"level":"info","message":"fetchLatestInvoices called ","timestamp":"2024-01-12T18:26:32.614Z"}
{"level":"info","message":"Dashboard Page called ","timestamp":"2024-01-12T18:27:29.478Z"}
{"level":"info","message":"fetchLatestInvoices called ","timestamp":"2024-01-12T18:27:30.063Z"}
{"level":"info","message":"Dashboard Page called ","timestamp":"2024-01-12T18:29:09.119Z"}
{"level":"info","message":"fetchLatestInvoices called ","timestamp":"2024-01-12T18:29:09.464Z"}
{"level":"info","message":"Dashboard Page called ","timestamp":"2024-01-12T18:31:36.915Z"}
{"level":"info","message":"fetchLatestInvoices called ","timestamp":"2024-01-12T18:31:37.783Z"}
{"level":"info","message":"Dashboard Page called ","timestamp":"2024-01-12T18:32:22.605Z"}
{"level":"info","message":"fetchLatestInvoices called ","timestamp":"2024-01-12T18:32:23.186Z"}
{"level":"info","message":"Dashboard Page called ","timestamp":"2024-01-12T18:32:26.829Z"}
{"level":"info","message":"fetchLatestInvoices called ","timestamp":"2024-01-12T18:32:27.308Z"}
{"level":"info","message":"Dashboard Page called ","timestamp":"2024-01-12T18:32:28.019Z"}
{"level":"info","message":"fetchLatestInvoices called ","timestamp":"2024-01-12T18:32:28.242Z"}
{"level":"info","message":"Dashboard Page called ","timestamp":"2024-01-12T18:32:47.580Z"}
{"level":"info","message":"fetchLatestInvoices called ","timestamp":"2024-01-12T18:32:48.179Z"}
{"level":"info","message":"Dashboard Page called ","timestamp":"2024-01-13T06:43:31.038Z"}
{"level":"info","message":"fetchLatestInvoices called ","timestamp":"2024-01-13T06:43:34.027Z"}
{"level":"info","message":"Dashboard Page called ","timestamp":"2024-01-13T06:43:50.971Z"}
{"level":"info","message":"fetchLatestInvoices called ","timestamp":"2024-01-13T06:43:51.226Z"}
{"level":"info","message":"Dashboard Page called ","timestamp":"2024-01-13T06:44:04.841Z"}
{"level":"info","message":"fetchLatestInvoices called ","timestamp":"2024-01-13T06:44:05.094Z"}
{"level":"info","message":"Dashboard Page called ","timestamp":"2024-01-13T06:46:13.751Z"}
{"level":"info","message":"fetchLatestInvoices called ","timestamp":"2024-01-13T06:46:14.190Z"}
{"level":"info","message":"Dashboard Page called ","timestamp":"2024-01-13T06:47:27.435Z"}
{"level":"info","message":"fetchLatestInvoices called ","timestamp":"2024-01-13T06:47:27.825Z"}
{"level":"info","message":"Dashboard Page called ","timestamp":"2024-01-13T06:49:37.032Z"}
{"level":"info","message":"fetchLatestInvoices called ","timestamp":"2024-01-13T06:49:37.318Z"}
{"level":"info","message":"Dashboard Page called ","timestamp":"2024-01-13T06:51:50.802Z"}
{"level":"info","message":"fetchLatestInvoices called ","timestamp":"2024-01-13T06:51:51.470Z"}
{"level":"info","message":"Dashboard Page called ","timestamp":"2024-01-13T07:00:42.612Z"}
{"level":"info","message":"fetchLatestInvoices called ","timestamp":"2024-01-13T07:00:42.997Z"}
{"level":"info","message":"Dashboard Page called ","timestamp":"2024-01-13T07:25:02.386Z"}
{"level":"info","message":"fetchLatestInvoices called ","timestamp":"2024-01-13T07:25:02.922Z"}
{"level":"info","message":"Dashboard Page called ","timestamp":"2024-01-13T07:25:34.864Z"}
{"level":"info","message":"fetchLatestInvoices called ","timestamp":"2024-01-13T07:25:35.539Z"}
{"level":"info","message":"Dashboard Page called ","timestamp":"2024-01-13T07:46:16.963Z"}
{"level":"info","message":"Dashboard Page called ","timestamp":"2024-01-13T07:46:17.291Z"}
{"level":"info","message":"fetchLatestInvoices called ","timestamp":"2024-01-13T07:46:17.390Z"}
{"level":"info","message":"fetchLatestInvoices called ","timestamp":"2024-01-13T07:46:17.732Z"}
